<?xml version="1.0" encoding="UTF-8"?>
<!-- Generated by org.testng.reporters.JUnitReportReporter -->
<testsuite hostname="LAPTOP-74RT8JJQ" failures="0" tests="1" name="userManagement.FileUpload" time="2.739" errors="0" timestamp="2025-07-28T17:10:34 IST" skipped="0">
  <testcase classname="userManagement.FileUpload" name="fileUpload" time="2.739"/>
  <system-out/>
</testsuite> <!-- userManagement.FileUpload -->
