<?xml version="1.0" encoding="UTF-8"?>
<!-- Generated by org.testng.reporters.JUnitReportReporter -->
<testsuite hostname="LAPTOP-74RT8JJQ" failures="0" tests="1" name="userManagement.getUsers" time="1.580" errors="0" timestamp="2025-07-30T17:36:20 IST" skipped="0">
  <testcase classname="userManagement.getUsers" name="testRestAssuredBuilderPattern" time="1.580"/>
  <system-out/>
</testsuite> <!-- userManagement.getUsers -->
