<?xml version="1.0" encoding="UTF-8"?>
<!-- Generated by org.testng.reporters.JUnitReportReporter -->
<testsuite hostname="LAPTOP-74RT8JJQ" failures="0" tests="1" name="userManagement.getUser" time="1.701" errors="0" timestamp="2025-07-21T21:24:29 IST" skipped="0">
  <testcase classname="userManagement.getUser" name="getUserData" time="1.701"/>
  <system-out/>
</testsuite> <!-- userManagement.getUser -->
