<?xml version="1.0" encoding="UTF-8"?>
<!-- Generated by org.testng.reporters.JUnitReportReporter -->
<testsuite hostname="LAPTOP-74RT8JJQ" failures="0" tests="1" name="userManagement.Practice" time="2.284" errors="0" timestamp="2025-07-28T22:27:47 IST" skipped="0">
  <testcase classname="userManagement.Practice" name="verifyStatusCodeDelete" time="2.284"/>
  <system-out/>
</testsuite> <!-- userManagement.Practice -->
